IQ-TREE multicore version 2.0.3 for Mac OS X 64-bit built Apr 26 2020
Developed by Bui Quang Minh, Nguyen Lam Tung, Olga Chernomor,
Heiko Schmidt, Dominik Schrempf, Michael Woodhams.

Host:    eemb-micro-room.eemb.ucsb.edu (AVX2, FMA3, 64 GB RAM)
Command: iqtree -s all_cnidops_ALN.fas -m JTT+F+R7 -nt AUTO
Seed:    787984 (Using SPRNG - Scalable Parallel Random Number Generator)
Time:    Tue Oct 26 21:36:06 2021
Kernel:  AVX+FMA - auto-detect threads (4 CPU cores detected)

Reading alignment file all_cnidops_ALN.fas ... Fasta format detected
NOTE: Change sequence name 'Tripedalia cystophora AGB67500.1 Kozmik-Opn5; Antibody-Opsin1' -> Tripedalia_cystophora_AGB67500.1
NOTE: Change sequence name 'Tripedalia cystophora QBL02615.1 Opsin-likeGPCR; Antibody-Opsin2' -> Tripedalia_cystophora_QBL02615.1
NOTE: Change sequence name 'Tripedalia cystophora AGB67503.1' -> Tripedalia_cystophora_AGB67503.1
NOTE: Change sequence name 'Tripedalia cystophora AGB67502.1' -> Tripedalia_cystophora_AGB67502.1
NOTE: Change sequence name 'Tripedalia cystophora AGB67495.1' -> Tripedalia_cystophora_AGB67495.1
NOTE: Change sequence name 'Tripedalia cystophora QBS47879.1 NielsenLEO' -> Tripedalia_cystophora_QBS47879.1
NOTE: Change sequence name 'Tripedalia cystophora AHZ63731.1 BieleckiLEO' -> Tripedalia_cystophora_AHZ63731.1
NOTE: Change sequence name 'Tripedalia cystophora AGB67504.1' -> Tripedalia_cystophora_AGB67504.1
NOTE: Change sequence name 'Tripedalia cystophora AGB67501.1' -> Tripedalia_cystophora_AGB67501.1
NOTE: Change sequence name 'Tripedalia cystophora AGB67499.1' -> Tripedalia_cystophora_AGB67499.1
NOTE: Change sequence name 'Tripedalia cystophora AGB67498.1' -> Tripedalia_cystophora_AGB67498.1
NOTE: Change sequence name 'Tripedalia cystophora AGB67497.1' -> Tripedalia_cystophora_AGB67497.1
NOTE: Change sequence name 'Tripedalia cystophora AGB67496.1 KozmikTcop9; Antibody-Opsin3' -> Tripedalia_cystophora_AGB67496.1
NOTE: Change sequence name 'Tripedalia cystophora AGB67494.1' -> Tripedalia_cystophora_AGB67494.1
NOTE: Change sequence name 'Tripedalia cystophora AGB67493.1' -> Tripedalia_cystophora_AGB67493.1
NOTE: Change sequence name 'Tripedalia cystophora AGB67492.1' -> Tripedalia_cystophora_AGB67492.1
NOTE: Change sequence name 'Tripedalia cystophora AGB67491.1' -> Tripedalia_cystophora_AGB67491.1
NOTE: Change sequence name 'Tripedalia cystophora AGB67490.1' -> Tripedalia_cystophora_AGB67490.1
NOTE: Change sequence name 'Tripedalia cystophora AGB67489.1 Picciani-A0A059NTC5;Kozmik-op16' -> Tripedalia_cystophora_AGB67489.1
NOTE: Change sequence name 'Tripedalia cystophora AGB67488.1' -> Tripedalia_cystophora_AGB67488.1
NOTE: Change sequence name 'Tripedalia cystophora QBL02613 Antibody-Opsin3' -> Tripedalia_cystophora_QBL02613
NOTE: Change sequence name 'Tripedalia cystophora QBS47880.1' -> Tripedalia_cystophora_QBS47880.1
NOTE: Change sequence name 'Tripedalia cystophora QBL02614.1' -> Tripedalia_cystophora_QBL02614.1
Alignment most likely contains protein sequences
Alignment has 294 sequences with 1870 columns, 1220 distinct patterns
645 parsimony-informative, 339 singleton sites, 886 constant sites
                                                                         Gap/Ambiguity  Composition  p-value
   1  scaffold36.g49.t1                                                         82.46%    passed     14.46%
   2  scaffold393.g4.t1                                                         82.73%    failed      3.93%
   3  scaffold53.g63.t1                                                         83.21%    passed     49.12%
   4  scaffold196.g29.t1                                                        75.94%    passed      9.41%
   5  scaffold207.g15.t1                                                        81.02%    passed     56.68%
   6  scaffold157.g3.t1                                                         82.41%    passed     57.35%
   7  scaffold872.g2.t1                                                         77.91%    failed      3.07%
   8  scaffold36.g77.t1                                                         74.22%    passed      9.12%
   9  scaffold36.g77.t1b                                                        74.22%    passed      9.12%
  10  scaffold129.g13.t1                                                        80.86%    passed     47.86%
  11  scaffold342.g16.t1                                                        80.91%    passed     67.15%
  12  scaffold464.g4.t1                                                         79.25%    passed     91.82%
  13  scaffold110.g22.t1                                                        80.75%    passed     29.16%
  14  scaffold171.g48.t1                                                        83.10%    passed      9.14%
  15  scaffold148.g6.t1                                                         82.67%    failed      4.65%
  16  scaffold356.g3.t1                                                         81.34%    passed     11.86%
  17  scaffold53.g77.t1                                                         84.81%    passed     55.87%
  18  scaffold503.g7.t1                                                         81.76%    passed      5.83%
  19  scaffold12.g33.t1                                                         79.68%    passed     53.47%
  20  scaffold94.g10.t1                                                         80.59%    passed     31.88%
  21  scaffold39.g118.t1                                                        79.79%    passed      9.28%
  22  Hydra_vulgaris_XP_012562617.1_PREDICTED_opsin3like                        83.74%    passed      9.34%
  23  Hydra_vulgaris_F1LIP2_xenopsin                                            82.99%    passed     27.49%
  24  Nematostella_vectensis_A9UMX1_xenopsin                                    83.90%    failed      0.32%
  25  Nematostella_vectensis_A9UMX0_xenopsin                                    83.85%    passed     25.61%
  26  Nematostella_vectensis_A9UMX2_xenopsin                                    81.28%    failed      2.79%
  27  Orbicella_faveolata_XP_020607308.1_melanopsinlike                         81.60%    failed      0.10%
  28  Orbicella_faveolata_XP_020608729.1_melanopsinlike                         80.37%    passed     29.07%
  29  Orbicella_faveolata_XP_020610777.1_melanopsinlike                         82.73%    passed      6.53%
  30  Orbicella_faveolata_XP_020610779.1_melanopsinBlike                        82.83%    passed      8.48%
  31  Orbicella_faveolata_XP_020610780.1_melanopsinlike                         82.83%    passed     12.49%
  32  Orbicella_faveolata_XP_020611806.1_melanopsinlike                         82.62%    passed     84.98%
  33  Orbicella_faveolata_XP_020617662.1_melanopsinAlike                        82.89%    passed     47.42%
  34  Orbicella_faveolata_XP_020629279.1_melanopsinAlike                        81.87%    passed     23.16%
  35  Orbicella_faveolata_XP_020629280.1_LOW_QUALITY_PROTEIN_pinopsinlike       82.03%    failed      0.50%
  36  Orbicella_faveolata_XP_020632135.1_parapinopsinlike                       81.76%    passed     10.60%
  37  Acropora_digitifera_XP_015752574.1_PREDICTED_melanopsinAlike              81.66%    passed     15.23%
  38  Acropora_digitifera_XP_015753551.1_PREDICTED_melanopsinlike               82.35%    passed     56.93%
  39  Acropora_digitifera_XP_015753552.1_PREDICTED_melanopsinlike               82.30%    passed     36.68%
  40  Acropora_digitifera_XP_015764657.1_PREDICTED_melanopsinlike               81.39%    failed      4.05%
  41  Acropora_digitifera_XP_015775460.1_PREDICTED_melanopsinlike               80.00%    passed     60.72%
  42  Hydra_vulgaris_XP_002160448.1_PREDICTED_pinopsinlike                      83.26%    passed      5.76%
  43  Hydra_vulgaris_XP_002163209.2_PREDICTED_longwavesensitive_opsin_1like     85.35%    passed     28.65%
  44  Hydra_vulgaris_XP_002163327.1_PREDICTED_melanopsinAlike                   83.42%    passed     15.66%
  45  Hydra_vulgaris_XP_002163358.2_PREDICTED_mediumwavesensitive_opsin_1like   82.62%    passed     36.10%
  46  Hydra_vulgaris_XP_004205844.1_PREDICTED_opsin3like                        83.16%    failed      0.59%
  47  Hydra_vulgaris_XP_004208213.1_PREDICTED_rhodopsin_G0coupledlike           83.37%    failed      0.19%
  48  Hydra_vulgaris_XP_004209180.1_PREDICTED_pinopsinlike                      82.99%    failed      4.02%
  49  Hydra_vulgaris_XP_012555848.1_PREDICTED_opsin3like                        83.37%    failed      1.10%
  50  Hydra_vulgaris_XP_012556650.1_PREDICTED_opsin3like                        82.94%    failed      2.26%
  51  Hydra_vulgaris_XP_012556969.1_PREDICTED_rhodopsinlike                     84.76%    failed      2.63%
  52  Hydra_vulgaris_XP_012557437.1_PREDICTED_opsin3likepartial_                84.60%    failed      1.41%
  53  Hydra_vulgaris_XP_012557991.1_PREDICTED_opsin3like                        83.74%    failed      1.75%
  54  Hydra_vulgaris_XP_012559098.1_PREDICTED_pinopsinlikepartial_              72.25%    failed      0.05%
  55  Hydra_vulgaris_XP_012559708.1_PREDICTED_rhodopsin_G0coupledlike           82.78%    failed      3.48%
  56  Hydra_vulgaris_XP_012560188.1_PREDICTED_rhodopsin_G0coupledlike           83.05%    passed     23.89%
  57  Hydra_vulgaris_XP_012560869.1_PREDICTED_opsin3like                        84.22%    failed      0.91%
  58  Hydra_vulgaris_XP_012561008.1_PREDICTED_rhodopsin_G0coupledlike           82.57%    failed      1.95%
  59  Hydra_vulgaris_XP_012561250.1_PREDICTED_opsin3like                        82.99%    failed      3.00%
  60  Hydra_vulgaris_XP_012561431.1_PREDICTED_opsin3like                        83.10%    failed      2.18%
  61  Hydra_vulgaris_XP_012561474.1_PREDICTED_opsin3like                        84.87%    passed      5.82%
  62  Hydra_vulgaris_XP_012561673.1_PREDICTED_parapinopsinlike                  83.58%    failed      0.51%
  63  Hydra_vulgaris_XP_012561930.1_PREDICTED_opsin3like                        84.92%    passed      8.07%
  64  Hydra_vulgaris_XP_012562542.1_PREDICTED_opsin3like                        84.55%    failed      3.85%
  65  Hydra_vulgaris_XP_012562923.1_PREDICTED_opsin3like                        83.53%    failed      0.91%
  66  Hydra_vulgaris_XP_012563654.1_PREDICTED_rhodopsin_G0coupledlike           83.58%    failed      0.11%
  67  Hydra_vulgaris_XP_012563781.1_PREDICTED_rhodopsin_G0coupledlike           83.58%    failed      0.06%
  68  Hydra_vulgaris_XP_012563909.1_PREDICTED_parapinopsinlike                  83.58%    failed      0.12%
  69  Hydra_vulgaris_XP_012564259.1_PREDICTED_opsin3like                        82.94%    failed      0.02%
  70  Hydra_vulgaris_XP_012564631.1_PREDICTED_opsin3like                        82.78%    passed     21.89%
  71  Acropora_palmata_L0ATA4_xenopsin                                          81.66%    passed     15.58%
  72  Acropora_palmata_L0AUA8_xenopsin                                          81.18%    passed     21.14%
  73  Aiptasia_pallida_1434                                                     82.94%    passed      7.43%
  74  Aiptasia_pallida_1596                                                     80.00%    passed      9.27%
  75  Aiptasia_pallida_1855                                                     82.67%    passed     14.88%
  76  Aiptasia_pallida_1862                                                     89.68%    passed     76.42%
  77  Alatina_alata_256                                                         82.57%    passed     72.52%
  78  Alatina_alata_260                                                         82.35%    passed     12.76%
  79  Alatina_alata_5200                                                        90.64%    passed     57.32%
  80  Alatina_alata_5205                                                        80.86%    failed      3.72%
  81  Anthopleura_elegantissima_295                                             81.60%    passed     14.94%
  82  Anthopleura_elegantissima_325                                             81.98%    passed     24.39%
  83  Anthopleura_elegantissima_353                                             83.69%    passed     25.16%
  84  Anthopleura_elegantissima_565                                             83.32%    passed     32.00%
  85  Aurelia_aurita_664                                                        86.36%    passed     66.17%
  86  Aurelia_aurita_684                                                        80.80%    passed     12.31%
  87  Aurelia_aurita_689                                                        82.51%    passed     51.73%
  88  Aurelia_aurita_705                                                        83.37%    passed     45.47%
  89  Aurelia_aurita_707                                                        81.34%    passed     38.21%
  90  Aurelia_aurita_773                                                        85.56%    passed     69.13%
  91  Aurelia_aurita_776                                                        81.44%    failed      3.44%
  92  Aurelia_aurita_778                                                        81.71%    failed      2.61%
  93  Aurelia_aurita_804                                                        89.63%    passed     12.22%
  94  Biomphalaria_glabrata_XP_013088307_xenopsin                               68.45%    failed      0.00%
  95  Brachionus_sp__koreanus_A0A0A7DN75_xenopsin                               84.28%    failed      0.00%
  96  Brachionus_sp__koreanus_A0A0A7DNH5_xenopsin                               86.68%    passed     51.38%
  97  Brachionus_sp__koreanus_A0A0A7DNH9_xenopsin                               87.81%    passed      7.05%
  98  Bunodosoma_cavernata_2052                                                 89.68%    passed     78.48%
  99  Carybdea_rastonii_BAG80696                                                82.35%    passed     10.94%
 100  Cladonema_radiatum_A9CR18_CropB1                                          82.03%    passed     86.83%
 101  Cladonema_radiatum_A9CR24_CropB4                                          82.46%    passed     76.15%
 102  Cladonema_radiatum_A9CR26_CropM                                           83.85%    passed     57.26%
 103  Cladonema_radiatum_A9CR28_CropO                                           84.12%    passed      7.20%
 104  Cladonema_radiatum_A9CR30_CropC                                           83.58%    passed     75.27%
 105  Cladonema_radiatum_A9CR32_CropE                                           83.16%    passed     95.81%
 106  Cladonema_radiatum_A9CR34_CropD                                           83.53%    passed     45.87%
 107  Cladonema_radiatum_A9CR36_CropH                                           83.53%    passed     76.05%
 108  Cladonema_radiatum_A9CR37_CropI                                           83.53%    passed     75.16%
 109  Cladonema_radiatum_A9CR38_CropL                                           82.89%    passed     67.15%
 110  Cladonema_radiatum_A9CR39_CropF                                           83.26%    passed     93.21%
 111  Cladonema_radiatum_A9CR40_CropG1                                          83.85%    passed     87.06%
 112  Cladonema_radiatum_A9CR42_CropG2                                          83.85%    passed     89.31%
 113  Cladonema_radiatum_A9CR43_CropN1                                          83.96%    passed     58.77%
 114  Cladonema_radiatum_A9CR48_CropK1                                          83.64%    passed     55.52%
 115  Cladonema_radiatum_A9CR51_CropK2                                          83.64%    passed     44.92%
 116  Cladonema_radiatum_A9CR54_CropJ                                           83.80%    passed     27.06%
 117  Crassostrea_gigas_K1P6Y0_xenopsin                                         77.33%    passed     37.01%
 118  Crassostrea_gigas_K1PW76_xenopsin                                         81.12%    passed     93.73%
 119  Crassostrea_gigas_K1QCZ3_xenopsin                                         79.36%    passed     14.53%
 120  Crassostrea_gigas_K1QG76_xenopsin                                         82.19%    passed     68.85%
 121  Crassostrea_gigas_XP_011412507_xenopsin                                   78.82%    passed     37.31%
 122  Crassostrea_gigas_XP_011421213_xenopsin                                   80.00%    passed     79.21%
 123  Craterolophus_convolvulus_5261                                            91.18%    passed     56.71%
 124  Favia_lizardensis_875                                                     81.82%    passed      8.62%
 125  Haliclystus_auricula_4910                                                 82.09%    passed     50.00%
 126  Haliclystus_auricula_4917                                                 91.34%    passed     98.91%
 127  Hydra_magnipapillata_1090                                                 83.21%    failed      1.55%
 128  Hydra_magnipapillata_1094                                                 84.22%    failed      1.67%
 129  Hydra_magnipapillata_1100                                                 88.82%    passed     31.77%
 130  Hydra_magnipapillata_1101                                                 89.47%    passed      5.82%
 131  Hydra_magnipapillata_1106                                                 88.50%    passed     58.50%
 132  Hydra_magnipapillata_1113                                                 88.66%    passed     45.64%
 133  Hydra_magnipapillata_1115                                                 80.91%    failed      4.04%
 134  Hydra_magnipapillata_1116                                                 84.12%    passed     10.28%
 135  Hydra_magnipapillata_1129                                                 82.57%    failed      1.50%
 136  Hydra_magnipapillata_1135                                                 87.59%    passed     10.87%
 137  Hydra_magnipapillata_1137                                                 89.52%    failed      1.29%
 138  Hydra_oligactis_1085                                                      88.34%    passed     52.39%
 139  Hydra_oligactis_1088                                                      87.59%    passed     19.59%
 140  Hydra_oligactis_1089                                                      86.63%    passed     27.91%
 141  Hydra_vulgaris_1164                                                       80.70%    failed      0.29%
 142  Hydra_vulgaris_1183                                                       82.94%    failed      0.98%
 143  Hydra_vulgaris_1185                                                       82.25%    failed      3.08%
 144  Hydra_vulgaris_1188                                                       83.74%    failed      2.34%
 145  Hydra_vulgaris_1189                                                       87.49%    passed      8.77%
 146  Hydra_vulgaris_1190                                                       80.91%    failed      4.80%
 147  Hydra_vulgaris_1191                                                       89.14%    passed     25.44%
 148  Hydra_vulgaris_1193                                                       88.13%    failed      3.99%
 149  Hydra_vulgaris_1194                                                       82.57%    failed      1.67%
 150  Hydra_vulgaris_1200                                                       85.45%    passed     22.47%
 151  Hydra_vulgaris_1202                                                       82.99%    passed     30.45%
 152  Hydra_vulgaris_1206                                                       89.30%    passed     24.49%
 153  Hydra_vulgaris_1218                                                       84.97%    passed     35.82%
 154  Hydra_vulgaris_1222                                                       86.68%    failed      2.61%
 155  Hydra_vulgaris_1231                                                       63.74%    failed      0.00%
 156  Hydra_vulgaris_1243                                                       82.51%    passed     16.90%
 157  Hydra_vulgaris_F1LIN8_xenopsin                                            83.48%    passed     12.28%
 158  Hydra_vulgaris_F1LIN9_xenopsin                                            82.51%    passed     19.03%
 159  Hydra_vulgaris_F1LIP0_xenopsin                                            83.74%    passed      5.75%
 160  Hydra_vulgaris_F1LIP1_xenopsin                                            83.58%    failed      0.06%
 161  Hydra_vulgaris_F1LIP3_xenopsin                                            83.53%    failed      0.11%
 162  Hydra_vulgaris_F1LIP4_xenopsin                                            82.94%    failed      0.89%
 163  Hydra_vulgaris_F1LIP5_xenopsin                                            83.53%    failed      3.43%
 164  Hydractinia_symbiolongicarpus_1011                                        83.37%    passed     15.44%
 165  Hydractinia_symbiolongicarpus_1017                                        82.14%    passed     17.83%
 166  Idiosepius_paradoxus_A0A0H5ATB0_xenopsin                                  76.15%    passed     24.11%
 167  Lingula_anatina_XP_013382905_xenopsin                                     80.96%    failed      0.01%
 168  Lingula_anatina_XP_013397676_xenopsin                                     80.59%    passed     38.13%
 169  Lingula_anatina_XP_013400870_xenopsin                                     84.92%    passed     72.07%
 170  Lottia_gigantea_V3ZWI5_xenopsin                                           85.24%    passed     18.17%
 171  Lucernaria_quadricornis_4943                                              88.29%    passed     12.43%
 172  Lucernaria_quadricornis_4944                                              87.65%    passed      9.89%
 173  Lucernaria_quadricornis_4948                                              86.58%    passed     93.35%
 174  Lucernaria_quadricornis_4949                                              86.26%    passed     95.08%
 175  Lucernaria_quadricornis_4955                                              85.29%    passed     62.59%
 176  Lucernaria_quadricornis_4959                                              88.82%    passed     95.99%
 177  Lymnaea_stagnalis_FX185950_xenopsin                                       67.06%    failed      0.00%
 178  Lymnaea_stagnalis_FX190223_xenopsin                                       80.80%    failed      1.61%
 179  Millepora_alcicornis_2441                                                 83.48%    passed     26.66%
 180  Millepora_alcicornis_2446                                                 80.64%    passed     16.71%
 181  Millepora_alcicornis_2454                                                 82.78%    passed     22.40%
 182  Nanomia_bijuga_5645                                                       82.94%    passed     37.35%
 183  Nanomia_bijuga_5646                                                       87.81%    passed     45.17%
 184  Nanomia_bijuga_5648                                                       90.80%    passed     14.36%
 185  Nematostella_vectensis_2484                                               86.58%    failed      1.60%
 186  Nematostella_vectensis_2485                                               89.52%    passed      7.63%
 187  Nematostella_vectensis_2488                                               87.70%    passed     20.93%
 188  Nematostella_vectensis_2560                                               84.49%    passed     22.17%
 189  Nematostella_vectensis_2561                                               84.49%    passed     19.82%
 190  Nematostella_vectensis_3116                                               82.35%    passed     25.87%
 191  Nematostella_vectensis_3117                                               82.09%    passed     16.96%
 192  Nematostella_vectensis_3118                                               82.09%    passed      8.90%
 193  Nematostella_vectensis_3119                                               82.35%    passed     15.29%
 194  Nematostella_vectensis_3260                                               83.85%    failed      0.32%
 195  Nematostella_vectensis_3289                                               83.26%    passed     26.12%
 196  Nematostella_vectensis_3291                                               80.75%    passed     38.32%
 197  Nematostella_vectensis_3292                                               82.30%    passed      9.36%
 198  Nematostella_vectensis_3293                                               81.28%    passed     30.51%
 199  Nematostella_vectensis_3417                                               78.66%    failed      0.53%
 200  Nematostella_vectensis_3463                                               86.95%    passed     18.25%
 201  Nematostella_vectensis_A9UMW6_xenopsin                                    81.28%    failed      2.37%
 202  Nematostella_vectensis_A9UMW7_xenopsin                                    82.09%    passed     12.75%
 203  Nematostella_vectensis_A9UMX3_xenopsin                                    81.55%    failed      0.36%
 204  Nematostella_vectensis_A9UMX5_xenopsin                                    80.00%    passed     10.90%
 205  Nematostella_vectensis_A9UMX6_xenopsin                                    81.55%    failed      2.89%
 206  Nematostella_vectensis_A9UMX7_xenopsin                                    83.85%    failed      0.31%
 207  Pocillopora_damicornis_3554                                               82.25%    passed     10.99%
 208  Pocillopora_damicornis_3623                                               88.66%    passed     28.14%
 209  Pocillopora_damicornis_3690                                               81.76%    failed      1.53%
 210  Pocillopora_damicornis_3753                                               82.73%    passed     69.64%
 211  Podocoryna_carnea_3788                                                    81.87%    passed     16.99%
 212  Podocoryna_carnea_3794                                                    81.87%    passed     10.94%
 213  Podocoryna_carnea_3810                                                    80.16%    passed     20.10%
 214  Podocoryna_carnea_3811                                                    90.96%    passed     17.85%
 215  Podocoryna_carnea_5674                                                    81.87%    passed     18.66%
 216  Podocoryna_carnea_5686                                                    81.87%    passed     10.46%
 217  Podocoryna_carnea_5692                                                    81.87%    passed     12.89%
 218  Podocoryna_carnea_5702                                                    80.11%    passed     20.98%
 219  Podocoryna_carnea_A9CR57_xenopsin                                         82.03%    passed     24.07%
 220  Podocoryna_carnea_A9CR60_xenopsin                                         80.75%    passed     33.00%
 221  Porites_astreoides_3875                                                   81.07%    passed      8.29%
 222  Porites_astreoides_3952                                                   80.75%    passed     24.87%
 223  Porites_astreoides_4131                                                   83.26%    failed      3.99%
 224  Porites_astreoides_4183                                                   81.55%    failed      0.70%
 225  Porites_astreoides_4236                                                   82.62%    passed     20.31%
 226  Porites_astreoides_4399                                                   83.32%    passed      6.86%
 227  Porites_astreoides_4429                                                   82.14%    passed     67.18%
 228  Porites_astreoides_4430                                                   82.94%    passed     79.64%
 229  Porites_astreoides_4431                                                   82.99%    passed     72.42%
 230  Protopalythoa_variabilis_4495                                             90.80%    passed     56.48%
 231  Renilla_koellikeri_5081                                                   80.91%    passed     16.05%
 232  Renilla_koellikeri_5101                                                   84.39%    passed     11.04%
 233  Renilla_koellikeri_5175                                                   87.27%    failed      1.45%
 234  Rhizotrochus_sp_5841                                                      88.82%    passed     33.35%
 235  Rhopilema_esculentum_4586                                                 82.14%    passed     84.41%
 236  Rhopilema_esculentum_4587                                                 82.14%    passed     81.22%
 237  Rhopilema_esculentum_4616                                                 88.72%    passed     89.60%
 238  Rhopilema_esculentum_4679                                                 88.77%    passed     68.71%
 239  Stomphia_coccinea_2336                                                    85.88%    failed      1.56%
 240  Stylophora_pistillata_4700                                                81.60%    passed     24.16%
 241  Stylophora_pistillata_4735                                                81.87%    passed     32.38%
 242  Terebratalia_transversa_F1D8E5_xenopsin                                   77.43%    failed      0.21%
 243  Triactis_producta_2428                                                    89.41%    failed      1.87%
 244  Tripedalia_cystophora_A0A059NTC5_xenopsin                                 82.94%    passed     77.72%
 245  Tripedalia_cystophora_A0A059NTC6_xenopsin                                 82.89%    passed     46.77%
 246  Tripedalia_cystophora_A0A059NTC7_xenopsin                                 83.37%    passed     89.13%
 247  Tripedalia_cystophora_A0A059NTC8_xenopsin                                 83.10%    passed     12.72%
 248  Tripedalia_cystophora_A0A059NTD1_xenopsin                                 77.97%    passed     37.48%
 249  Tripedalia_cystophora_A0A059NTD2_xenopsin                                 83.10%    passed     49.63%
 250  Tripedalia_cystophora_A0A059NTD3_xenopsin                                 82.94%    passed     44.96%
 251  Tripedalia_cystophora_A0A059NTD4_xenopsin                                 81.34%    passed     43.14%
 252  Tripedalia_cystophora_A0A059NTD5_xenopsin                                 82.19%    passed     33.24%
 253  Tripedalia_cystophora_A0A059NTD6_xenopsin                                 80.32%    passed     58.06%
 254  Tripedalia_cystophora_A0A059NTD7_xenopsin                                 82.51%    passed     84.21%
 255  Tripedalia_cystophora_A0A059NTG1_xenopsin                                 82.94%    passed     30.55%
 256  Tripedalia_cystophora_A0A059NTG2_xenopsin                                 82.46%    passed     61.25%
 257  Tripedalia_cystophora_A0A059NTG3_xenopsin                                 82.41%    passed      5.36%
 258  Tripedalia_cystophora_A0A059NTG7_xenopsin                                 82.35%    passed      8.43%
 259  Tripedalia_cystophora_A0A059NTG8_xenopsin                                 84.71%    passed     47.17%
 260  Tripedalia_cystophora_A0A059NTG9_xenopsin                                 82.25%    passed     87.70%
 261  Tripedalia_cystophora_EU310498_xenopsin                                   82.41%    passed     16.30%
 262  Tripedalia_cystophora_AGB67500.1                                          82.51%    passed     84.21%
 263  Tripedalia_cystophora_QBL02615.1                                          85.45%    passed     66.82%
 264  Tripedalia_cystophora_AGB67503.1                                          81.34%    passed     43.14%
 265  Tripedalia_cystophora_AGB67502.1                                          82.25%    passed     87.70%
 266  Tripedalia_cystophora_AGB67495.1                                          80.32%    passed     58.06%
 267  Tripedalia_cystophora_QBS47879.1                                          82.35%    passed      8.43%
 268  Tripedalia_cystophora_AHZ63731.1                                          82.41%    passed      8.78%
 269  Tripedalia_cystophora_AGB67504.1                                          83.10%    passed     12.72%
 270  Tripedalia_cystophora_AGB67501.1                                          82.41%    passed      5.36%
 271  Tripedalia_cystophora_AGB67499.1                                          83.37%    passed     89.13%
 272  Tripedalia_cystophora_AGB67498.1                                          82.94%    passed     44.96%
 273  Tripedalia_cystophora_AGB67497.1                                          84.71%    passed     47.17%
 274  Tripedalia_cystophora_AGB67496.1                                          82.46%    passed     61.25%
 275  Tripedalia_cystophora_AGB67494.1                                          82.89%    passed     46.77%
 276  Tripedalia_cystophora_AGB67493.1                                          83.10%    passed     49.63%
 277  Tripedalia_cystophora_AGB67492.1                                          82.35%    passed      8.43%
 278  Tripedalia_cystophora_AGB67491.1                                          82.94%    passed     30.55%
 279  Tripedalia_cystophora_AGB67490.1                                          82.19%    passed     33.24%
 280  Tripedalia_cystophora_AGB67489.1                                          82.94%    passed     77.72%
 281  Tripedalia_cystophora_AGB67488.1                                          77.97%    passed     37.48%
 282  Tripedalia_cystophora_QBL02613                                            84.28%    passed     48.44%
 283  Tripedalia_cystophora_QBS47880.1                                          82.41%    passed     16.30%
 284  Tripedalia_cystophora_QBL02614.1                                          82.51%    passed     84.21%
 285  Chlytia_haemaspherica_CheOpsin9                                           85.51%    passed     31.52%
 286  Chlytia_haemaspherica_CheOpsin10                                          85.51%    failed      1.24%
 287  Chlytia_haemaspherica_CheOpsin1                                           84.71%    passed     26.69%
 288  Chlytia_haemaspherica_CheOpsin2                                           84.60%    passed     17.52%
 289  Chlytia_haemaspherica_CheOpsin3                                           84.65%    passed     38.85%
 290  Chlytia_haemaspherica_CheOpsin4                                           85.08%    passed      6.58%
 291  Chlytia_haemaspherica_CheOpsin5                                           84.81%    passed     56.08%
 292  Chlytia_haemaspherica_CheOpsin6                                           84.33%    passed     81.44%
 293  Chlytia_haemaspherica_CheOpsin7                                           84.71%    passed     21.09%
 294  Chlytia_haemaspherica_CheOpsin8                                           84.87%    passed     28.12%
WARNING: 294 sequences contain more than 50% gaps/ambiguity
****  TOTAL                                                                     83.12%  70 sequences failed composition chi2 test (p-value<5%; df=19)
NOTE: scaffold36.g77.t1b is identical to scaffold36.g77.t1 but kept for subsequent analysis
NOTE: Tripedalia_cystophora_AGB67489.1 is identical to Tripedalia_cystophora_A0A059NTC5_xenopsin but kept for subsequent analysis
NOTE: Tripedalia_cystophora_AGB67494.1 is identical to Tripedalia_cystophora_A0A059NTC6_xenopsin but kept for subsequent analysis
NOTE: Tripedalia_cystophora_AGB67499.1 is identical to Tripedalia_cystophora_A0A059NTC7_xenopsin but kept for subsequent analysis
NOTE: Tripedalia_cystophora_AGB67504.1 is identical to Tripedalia_cystophora_A0A059NTC8_xenopsin but kept for subsequent analysis
NOTE: Tripedalia_cystophora_AGB67488.1 is identical to Tripedalia_cystophora_A0A059NTD1_xenopsin but kept for subsequent analysis
NOTE: Tripedalia_cystophora_AGB67493.1 is identical to Tripedalia_cystophora_A0A059NTD2_xenopsin but kept for subsequent analysis
NOTE: Tripedalia_cystophora_AGB67498.1 is identical to Tripedalia_cystophora_A0A059NTD3_xenopsin but kept for subsequent analysis
NOTE: Tripedalia_cystophora_AGB67503.1 is identical to Tripedalia_cystophora_A0A059NTD4_xenopsin but kept for subsequent analysis
NOTE: Tripedalia_cystophora_AGB67490.1 is identical to Tripedalia_cystophora_A0A059NTD5_xenopsin but kept for subsequent analysis
NOTE: Tripedalia_cystophora_AGB67495.1 is identical to Tripedalia_cystophora_A0A059NTD6_xenopsin but kept for subsequent analysis
NOTE: Tripedalia_cystophora_AGB67500.1 is identical to Tripedalia_cystophora_A0A059NTD7_xenopsin but kept for subsequent analysis
NOTE: Tripedalia_cystophora_AGB67491.1 is identical to Tripedalia_cystophora_A0A059NTG1_xenopsin but kept for subsequent analysis
NOTE: Tripedalia_cystophora_AGB67496.1 is identical to Tripedalia_cystophora_A0A059NTG2_xenopsin but kept for subsequent analysis
NOTE: Tripedalia_cystophora_AGB67501.1 is identical to Tripedalia_cystophora_A0A059NTG3_xenopsin but kept for subsequent analysis
NOTE: Tripedalia_cystophora_QBS47879.1 is identical to Tripedalia_cystophora_A0A059NTG7_xenopsin but kept for subsequent analysis
NOTE: Tripedalia_cystophora_AGB67497.1 is identical to Tripedalia_cystophora_A0A059NTG8_xenopsin but kept for subsequent analysis
NOTE: Tripedalia_cystophora_AGB67502.1 is identical to Tripedalia_cystophora_A0A059NTG9_xenopsin but kept for subsequent analysis
NOTE: Tripedalia_cystophora_QBS47880.1 is identical to Tripedalia_cystophora_EU310498_xenopsin but kept for subsequent analysis
NOTE: 2 identical sequences (see below) will be ignored for subsequent analysis
NOTE: Tripedalia_cystophora_QBL02614.1 (identical to Tripedalia_cystophora_A0A059NTD7_xenopsin) is ignored but added at the end
NOTE: Tripedalia_cystophora_AGB67492.1 (identical to Tripedalia_cystophora_A0A059NTG7_xenopsin) is ignored but added at the end
Alignment was printed to all_cnidops_ALN.fas.uniqueseq.phy

For your convenience alignment with unique sequences printed to all_cnidops_ALN.fas.uniqueseq.phy

Create initial parsimony tree by phylogenetic likelihood library (PLL)... 0.204 seconds

NOTE: 391 MB RAM (0 GB) is required!
Measuring multi-threading efficiency up to 4 CPU cores
4 trees examined
Threads: 1 / Time: 4.906 sec / Speedup: 1.000 / Efficiency: 100% / LogL: -208965
Threads: 2 / Time: 2.865 sec / Speedup: 1.712 / Efficiency: 86% / LogL: -208965
Threads: 3 / Time: 1.922 sec / Speedup: 2.552 / Efficiency: 85% / LogL: -208965
Threads: 4 / Time: 2.869 sec / Speedup: 1.710 / Efficiency: 43% / LogL: -208965
BEST NUMBER OF THREADS: 3

Estimate model parameters (epsilon = 0.100)
1. Initial log-likelihood: -138282.450
2. Current log-likelihood: -122618.204
3. Current log-likelihood: -122496.452
4. Current log-likelihood: -122490.347
5. Current log-likelihood: -122488.348
6. Current log-likelihood: -122487.606
7. Current log-likelihood: -122487.215
8. Current log-likelihood: -122487.005
Optimal log-likelihood: -122486.900
Site proportion and rates:  (0.014,0.050) (0.036,0.177) (0.068,0.333) (0.106,0.502) (0.210,0.746) (0.303,1.110) (0.263,1.611)
Parameters optimization took 8 rounds (39.518 sec)
Computing ML distances based on estimated model parameters... 14.829 sec
Computing BIONJ tree...
0.053 seconds
Log-likelihood of BIONJ tree: -122514.196
--------------------------------------------------------------------
|             INITIALIZING CANDIDATE TREE SET                      |
--------------------------------------------------------------------
Generating 98 parsimony trees... 20.829 second
Computing log-likelihood of 98 initial trees ... 39.213 seconds
Current best score: -122486.900

Do NNI search on 20 best initial trees
Estimate model parameters (epsilon = 0.100)
BETTER TREE FOUND at iteration 1: -122141.194
Estimate model parameters (epsilon = 0.100)
BETTER TREE FOUND at iteration 2: -122109.734
Iteration 10 / LogL: -122217.085 / Time: 0h:4m:4s
Iteration 20 / LogL: -122176.290 / Time: 0h:5m:57s
Finish initializing candidate tree set (20)
Current best tree score: -122109.734 / CPU time: 295.551
Number of iterations: 20
--------------------------------------------------------------------
|               OPTIMIZING CANDIDATE TREE SET                      |
--------------------------------------------------------------------
Iteration 30 / LogL: -122117.046 / Time: 0h:7m:51s (0h:19m:30s left)
Estimate model parameters (epsilon = 0.100)
BETTER TREE FOUND at iteration 31: -122107.599
Estimate model parameters (epsilon = 0.100)
BETTER TREE FOUND at iteration 34: -122106.597
Estimate model parameters (epsilon = 0.100)
BETTER TREE FOUND at iteration 36: -122102.784
Estimate model parameters (epsilon = 0.100)
BETTER TREE FOUND at iteration 37: -122094.139
Estimate model parameters (epsilon = 0.100)
BETTER TREE FOUND at iteration 39: -122089.212
Estimate model parameters (epsilon = 0.100)
BETTER TREE FOUND at iteration 40: -122087.437
Iteration 40 / LogL: -122087.437 / Time: 0h:10m:23s (0h:26m:36s left)
Estimate model parameters (epsilon = 0.100)
BETTER TREE FOUND at iteration 49: -122073.952
Iteration 50 / LogL: -122082.356 / Time: 0h:12m:18s (0h:24m:51s left)
Estimate model parameters (epsilon = 0.100)
BETTER TREE FOUND at iteration 52: -122073.719
Estimate model parameters (epsilon = 0.100)
BETTER TREE FOUND at iteration 54: -122072.487
Estimate model parameters (epsilon = 0.100)
BETTER TREE FOUND at iteration 60: -122072.012
Iteration 60 / LogL: -122072.012 / Time: 0h:14m:18s (0h:24m:15s left)
Iteration 70 / LogL: -122072.201 / Time: 0h:16m:5s (0h:20m:58s left)
Iteration 80 / LogL: -122081.059 / Time: 0h:17m:54s (0h:18m:7s left)
Iteration 90 / LogL: -122074.823 / Time: 0h:19m:41s (0h:15m:29s left)
Iteration 100 / LogL: -122076.297 / Time: 0h:21m:33s (0h:13m:3s left)
Estimate model parameters (epsilon = 0.100)
BETTER TREE FOUND at iteration 108: -122071.305
Iteration 110 / LogL: -122079.486 / Time: 0h:23m:25s (0h:21m:3s left)
Iteration 120 / LogL: -122086.822 / Time: 0h:25m:14s (0h:18m:39s left)
Iteration 130 / LogL: -122100.564 / Time: 0h:27m:6s (0h:16m:23s left)
Iteration 140 / LogL: -122073.744 / Time: 0h:28m:54s (0h:14m:8s left)
Estimate model parameters (epsilon = 0.100)
BETTER TREE FOUND at iteration 142: -122070.199
Iteration 150 / LogL: -122081.024 / Time: 0h:30m:45s (0h:18m:59s left)
Iteration 160 / LogL: -122074.972 / Time: 0h:32m:35s (0h:16m:48s left)
Iteration 170 / LogL: -122075.379 / Time: 0h:34m:29s (0h:14m:41s left)
Iteration 180 / LogL: -122075.198 / Time: 0h:36m:24s (0h:12m:36s left)
Estimate model parameters (epsilon = 0.100)
BETTER TREE FOUND at iteration 183: -122070.019
Estimate model parameters (epsilon = 0.100)
BETTER TREE FOUND at iteration 189: -122069.507
Iteration 190 / LogL: -122072.704 / Time: 0h:38m:21s (0h:20m:5s left)
Iteration 200 / LogL: -122072.264 / Time: 0h:40m:10s (0h:17m:57s left)
Iteration 210 / LogL: -122086.006 / Time: 0h:42m:2s (0h:15m:53s left)
Estimate model parameters (epsilon = 0.100)
BETTER TREE FOUND at iteration 215: -122068.945
Iteration 220 / LogL: -122074.236 / Time: 0h:43m:56s (0h:19m:3s left)
Iteration 230 / LogL: -122073.411 / Time: 0h:45m:45s (0h:16m:59s left)
Iteration 240 / LogL: -122091.284 / Time: 0h:47m:34s (0h:14m:55s left)
Iteration 250 / LogL: -122094.093 / Time: 0h:49m:24s (0h:12m:53s left)
Iteration 260 / LogL: -122080.721 / Time: 0h:51m:15s (0h:10m:53s left)
Iteration 270 / LogL: -122078.052 / Time: 0h:53m:1s (0h:8m:52s left)
Iteration 280 / LogL: -122077.120 / Time: 0h:54m:43s (0h:6m:51s left)
Iteration 290 / LogL: -122070.424 / Time: 0h:56m:30s (0h:4m:53s left)
Iteration 300 / LogL: -122074.225 / Time: 0h:58m:17s (0h:2m:55s left)
Iteration 310 / LogL: -122080.752 / Time: 1h:0m:6s (0h:0m:58s left)
TREE SEARCH COMPLETED AFTER 316 ITERATIONS / Time: 1h:1m:10s

--------------------------------------------------------------------
|                    FINALIZING TREE SEARCH                        |
--------------------------------------------------------------------
Performs final model parameters optimization
Estimate model parameters (epsilon = 0.010)
1. Initial log-likelihood: -122068.945
Optimal log-likelihood: -122068.945
Site proportion and rates:  (0.014,0.051) (0.038,0.180) (0.077,0.351) (0.126,0.544) (0.194,0.775) (0.296,1.132) (0.255,1.616)
Parameters optimization took 1 rounds (2.428 sec)
BEST SCORE FOUND : -122068.945
Total tree length: 184.538

Total number of iterations: 316
CPU time used for tree search: 10384.680 sec (2h:53m:4s)
Wall-clock time used for tree search: 3609.194 sec (1h:0m:9s)
Total CPU time used: 10559.087 sec (2h:55m:59s)
Total wall-clock time used: 3673.497 sec (1h:1m:13s)

Analysis results written to: 
  IQ-TREE report:                all_cnidops_ALN.fas.iqtree
  Maximum-likelihood tree:       all_cnidops_ALN.fas.treefile
  Likelihood distances:          all_cnidops_ALN.fas.mldist
  Screen log file:               all_cnidops_ALN.fas.log

Date and Time: Tue Oct 26 22:37:20 2021
