QBS47879.1	scaffold36.g49.t1	90.303	330	30	2	1	330	1	328	0.0	618
QBS47879.1	scaffold393.g4.t1	29.066	289	200	3	12	299	34	318	7.42e-36	132
QBS47879.1	scaffold53.g63.t1	23.368	291	207	6	8	296	17	293	6.47e-19	85.9
QBS47879.1	scaffold196.g29.t1	26.190	294	192	10	16	299	73	351	2.07e-18	85.5
QBS47879.1	scaffold207.g15.t1	21.569	306	205	11	24	317	34	316	2.08e-15	76.3
QBS47879.1	scaffold157.g3.t1	25.166	302	202	14	20	306	5	297	2.84e-15	75.5
QBS47879.1	scaffold872.g2.t1	22.034	295	217	7	13	299	80	369	9.98e-14	71.6
QBS47879.1	scaffold36.g77.t1	29.070	172	115	4	17	188	19	183	3.75e-13	70.1
QBS47879.1	scaffold36.g77.t1	27.381	84	58	1	215	298	390	470	2.91e-05	45.4
QBS47879.1	scaffold129.g13.t1	26.908	249	163	9	3	246	18	252	4.03e-13	69.3
QBS47879.1	scaffold342.g16.t1	24.000	300	179	9	13	297	16	281	4.20e-13	69.3
QBS47879.1	scaffold464.g4.t1	20.875	297	206	7	11	294	23	303	6.22e-13	68.9
QBS47879.1	scaffold110.g22.t1	26.383	235	163	5	71	301	78	306	3.77e-12	66.6
QBS47879.1	scaffold171.g48.t1	23.105	277	189	7	24	295	38	295	4.42e-12	65.9
QBS47879.1	scaffold148.g6.t1	20.280	286	201	7	28	304	1	268	7.61e-12	65.5
QBS47879.1	scaffold356.g3.t1	21.935	310	213	7	4	302	14	305	2.12e-11	63.9
QBS47879.1	scaffold53.g77.t1	22.015	268	180	6	64	315	6	260	2.64e-11	63.2
QBS47879.1	scaffold503.g7.t1	23.510	302	191	13	22	301	43	326	3.52e-11	63.5
QBS47879.1	scaffold12.g33.t1	28.488	172	106	6	40	202	119	282	8.97e-11	62.4
QBS47879.1	scaffold94.g10.t1	24.917	301	185	16	11	294	36	312	1.02e-10	62.0
QBS47879.1	scaffold39.g118.t1	21.724	290	201	8	24	306	52	322	2.78e-10	60.8
QBS47879.1	scaffold65.g79.t1	22.259	301	207	12	12	293	58	350	8.90e-10	59.3
QBS47879.1	scaffold36.g70.t1	23.148	216	153	7	92	299	2	212	1.12e-09	58.2
QBS47879.1	scaffold5.g154.t1	22.896	297	199	10	11	294	28	307	2.75e-09	57.8
QBS47879.1	scaffold676.g1.t1	23.102	303	200	10	11	298	46	330	3.02e-09	57.8
QBS47879.1	scaffold35.g48.t1	23.183	289	201	9	13	293	35	310	4.28e-09	57.4
QBS47879.1	scaffold30.g107.t1	28.261	138	93	4	12	146	26	160	4.43e-09	57.8
QBS47879.1	scaffold39.g103.t1	24.286	280	182	9	21	287	19	281	9.46e-09	56.2
QBS47879.1	scaffold33.g53.t1	23.711	291	204	11	15	296	20	301	1.04e-08	56.2
QBS47879.1	scaffold299.g6.t1	21.986	282	174	12	42	298	19	279	1.17e-08	55.5
QBS47879.1	scaffold133.g23.t1	23.368	291	176	8	12	295	13	263	1.49e-08	55.5
QBS47879.1	scaffold262.g2.t1	25.210	238	156	10	1	224	1	230	3.64e-08	54.3
QBS47879.1	scaffold60.g69.t1	23.552	259	166	10	47	295	88	324	1.25e-07	53.1
QBS47879.1	scaffold395.g16.t1	21.545	246	177	4	61	297	97	335	4.43e-07	51.2
QBS47879.1	scaffold12.g35.t1	21.799	289	194	7	24	293	66	341	5.56e-07	50.8
QBS47879.1	scaffold43.g23.t1	21.290	310	209	8	11	296	45	343	1.27e-06	49.7
QBS47879.1	scaffold166.g6.t1	19.453	329	243	7	8	326	41	357	1.29e-06	49.7
QBS47879.1	scaffold231.g22.t1	24.576	236	159	9	23	246	39	267	1.61e-06	48.9
QBS47879.1	scaffold48.g28.t1	22.426	272	189	8	42	303	54	313	2.32e-06	48.5
QBS47879.1	scaffold556.g9.t1	23.506	251	168	11	13	254	35	270	3.53e-06	48.1
QBS47879.1	scaffold99.g70.t1	22.741	321	198	12	10	319	26	307	3.94e-06	48.1
QBS47879.1	scaffold22.g12.t1	24.359	312	194	16	13	304	42	331	6.79e-06	47.4
QBS47879.1	scaffold7.g126.t1	20.747	241	179	4	6	244	55	285	1.60e-05	46.2
QBS47879.1	scaffold618.g3.t1	19.286	280	214	5	45	324	89	356	1.66e-05	46.6
QBS47879.1	scaffold45.g16.t1	20.423	284	203	8	24	296	61	332	4.47e-05	44.7
QBS47879.1	scaffold442.g6.t1	20.401	299	198	7	24	299	64	345	4.48e-05	44.7
QBS47879.1	scaffold8.g41.t1	23.548	310	204	14	16	309	709	1001	9.08e-05	44.3
QBS47879.1	scaffold170.g12.t1	22.222	315	202	12	6	302	330	619	1.05e-04	43.9
QBS47879.1	scaffold45.g14.t1	19.257	296	192	10	24	296	104	375	1.11e-04	43.5
QBS47879.1	scaffold45.g15.t1	18.919	296	193	10	24	296	206	477	2.51e-04	42.7
QBS47879.1	scaffold3.g71.t1	19.553	179	139	2	25	203	1	174	2.89e-04	42.7
QBS47879.1	scaffold3.g71.t1	24.742	97	65	2	205	298	535	626	7.3	28.5
QBS47879.1	scaffold83.g83.t1	21.359	309	193	11	24	298	62	354	3.09e-04	42.4
QBS47879.1	scaffold170.g11.t1	25.954	131	76	6	187	298	200	328	0.001	40.0
QBS47879.1	scaffold80.g45.t1	22.086	326	220	15	16	322	29	339	0.002	39.7
QBS47879.1	scaffold48.g59.t1	18.792	298	203	9	35	300	65	355	0.002	39.3
QBS47879.1	scaffold99.g71.t1	18.590	312	201	10	7	303	56	329	0.004	38.9
QBS47879.1	scaffold313.g7.t1	24.490	98	74	0	8	105	31	128	0.004	38.9
QBS47879.1	scaffold31.g99.t1	22.333	300	207	11	14	303	32	315	0.011	37.4
QBS47879.1	scaffold330.g1.t1	24.490	98	65	2	21	112	34	128	0.015	37.4
QBS47879.1	scaffold43.g54.t1	31.507	73	48	1	224	296	39	109	0.015	36.2
QBS47879.1	scaffold25.g23.t1	25.714	105	71	3	215	314	203	305	0.037	35.8
QBS47879.1	scaffold146.g28.t1	24.299	107	79	1	8	112	180	286	0.037	35.4
QBS47879.1	scaffold413.g6.t1	19.408	304	197	10	19	306	12	283	0.048	35.0
QBS47879.1	scaffold83.g83.t2	22.857	105	79	2	196	298	107	211	0.058	34.7
QBS47879.1	scaffold363.g16.t1	25.664	113	73	5	88	196	99	204	0.059	35.0
QBS47879.1	scaffold32.g23.t1	24.204	157	98	6	1	145	369	516	0.080	35.0
QBS47879.1	scaffold22.g14.t1	21.843	293	188	13	24	297	63	333	0.093	34.3
QBS47879.1	scaffold294.g10.t1	18.983	295	197	9	12	301	46	303	0.093	34.7
QBS47879.1	scaffold37.g87.t1	28.477	151	93	4	153	295	5	148	0.096	34.3
QBS47879.1	scaffold3.g83.t1	21.519	316	194	12	1	297	71	351	0.13	34.3
QBS47879.1	scaffold5.g73.t1	22.896	297	179	15	23	296	51	320	0.15	33.9
QBS47879.1	scaffold770.g2.t1	20.921	239	176	8	18	250	30	261	0.22	33.1
QBS47879.1	scaffold118.g40.t1	22.222	108	73	4	219	321	228	329	0.29	32.7
QBS47879.1	scaffold69.g91.t1	22.222	108	73	4	219	321	228	329	0.29	32.7
QBS47879.1	scaffold10.g12.t1	24.675	77	53	1	231	307	201	272	0.39	32.3
QBS47879.1	scaffold94.g2.t1	25.503	149	93	6	10	149	22	161	0.53	32.0
QBS47879.1	scaffold238.g10.t1	30.263	76	47	3	230	302	200	272	0.81	31.2
QBS47879.1	scaffold146.g3.t1	23.022	139	84	6	165	295	211	334	0.86	31.2
QBS47879.1	scaffold98.g54.t1	22.321	336	211	13	3	303	2	322	1.2	30.8
QBS47879.1	scaffold367.g14.t1	26.400	125	73	6	203	316	15	131	1.3	30.0
QBS47879.1	scaffold281.g3.t1	37.838	37	20	1	264	300	208	241	1.6	30.4
QBS47879.1	scaffold259.g26.t1	31.111	45	31	0	274	318	63	107	1.6	29.3
QBS47879.1	scaffold30.g105.t1	28.205	78	51	3	229	306	189	261	1.9	30.8
QBS47879.1	scaffold82.g40.t1	25.263	95	55	4	212	298	224	310	2.8	29.6
QBS47879.1	scaffold506.g10.t1	24.684	158	96	6	1	145	448	595	2.8	30.0
QBS47879.1	scaffold14.g25.t1	21.667	60	40	1	269	321	37	96	3.0	29.3
QBS47879.1	scaffold506.g10.t2	24.684	158	96	6	1	145	448	595	3.0	30.0
QBS47879.1	scaffold133.g27.t1	25.263	95	62	3	202	294	7	94	3.0	28.5
QBS47879.1	scaffold409.g4.t1	36.508	63	34	3	59	117	299	359	3.4	29.6
QBS47879.1	scaffold8.g33.t1	22.826	92	60	2	214	301	321	405	3.8	29.3
QBS47879.1	scaffold8.g33.t1	23.704	135	91	5	24	149	46	177	7.0	28.5
QBS47879.1	scaffold331.g11.t1	27.500	40	29	0	185	224	744	783	3.9	29.6
QBS47879.1	scaffold372.g9.t1	20.661	121	87	4	32	145	35	153	6.8	28.5
QBS47879.1	scaffold121.g348.t1	42.424	33	18	1	293	325	360	391	8.7	28.5
QBS47879.1	scaffold115.g4.t1	20.192	104	81	1	9	112	6	107	9.1	28.1
QBS47879.1	scaffold36.g76.t1	21.918	292	197	11	20	300	31	302	9.5	28.1
