IQ-TREE multicore version 2.0.3 for Mac OS X 64-bit built Apr 26 2020
Developed by Bui Quang Minh, Nguyen Lam Tung, Olga Chernomor,
Heiko Schmidt, Dominik Schrempf, Michael Woodhams.

Host:    eemb-micro-room.eemb.ucsb.edu (AVX2, FMA3, 64 GB RAM)
Command: iqtree -s Results/all_cnidops_ALN.fas -m LG+F+R8 -nt AUTO
Seed:    629356 (Using SPRNG - Scalable Parallel Random Number Generator)
Time:    Mon Mar  7 16:39:55 2022
Kernel:  AVX+FMA - auto-detect threads (4 CPU cores detected)

Reading alignment file Results/all_cnidops_ALN.fas ... Fasta format detected
Alignment most likely contains protein sequences
Alignment has 291 sequences with 1941 columns, 1223 distinct patterns
619 parsimony-informative, 362 singleton sites, 960 constant sites
WARNING: Some sequence names are changed as follows:
Tripedalia_cystophora_AGB67500.1_Kozmik-Opn5;_Antibody-Opsin1 -> Tripedalia_cystophora_AGB67500.1_Kozmik-Opn5__Antibody-Opsin1
Tripedalia_cystophora_QBL02615.1_Opsin-likeGPCR;_Antibody-Opsin2 -> Tripedalia_cystophora_QBL02615.1_Opsin-likeGPCR__Antibody-Opsin2
Tripedalia_cystophora_AGB67496.1_KozmikTcop9;_Antibody-Opsin3 -> Tripedalia_cystophora_AGB67496.1_KozmikTcop9__Antibody-Opsin3
Tripedalia_cystophora_AGB67489.1_Picciani-A0A059NTC5;Kozmik-op16 -> Tripedalia_cystophora_AGB67489.1_Picciani-A0A059NTC5_Kozmik-op16

                                                                         Gap/Ambiguity  Composition  p-value
   1  Morbakka_scaffold393.g4.t1                                                83.36%    failed      3.42%
   2  Morbakka_scaffold36.g49.t1                                                83.10%    passed     12.82%
   3  Morbakka_scaffold53.g63.t1                                                83.82%    passed     45.73%
   4  Morbakka_scaffold207.g15.t1                                               81.71%    passed     52.33%
   5  Morbakka_scaffold196.g29.t1                                               76.82%    passed      8.61%
   6  Morbakka_scaffold157.g3.t1                                                83.05%    passed     54.53%
   7  Morbakka_scaffold872.g2.t1                                                78.72%    failed      2.40%
   8  Morbakka_scaffold36.g77.t1                                                75.17%    passed      8.44%
   9  Morbakka_scaffold129.g13.t1                                               81.56%    passed     43.95%
  10  Morbakka_scaffold342.g16.t1                                               81.61%    passed     63.68%
  11  Morbakka_scaffold464.g4.t1                                                80.01%    passed     91.75%
  12  Morbakka_scaffold110.g22.t1                                               81.45%    passed     26.72%
  13  Morbakka_scaffold171.g48.t1                                               83.72%    passed      8.19%
  14  Morbakka_scaffold356.g3.t1                                                82.02%    passed     11.12%
  15  Morbakka_scaffold503.g7.t1                                                82.43%    passed      5.08%
  16  Morbakka_scaffold53.g77.t1                                                85.37%    passed     53.77%
  17  Morbakka_scaffold166.g6.t1                                                76.76%    passed     18.30%
  18  Morbakka_scaffold618.g3.t1                                                68.01%    failed      0.00%
  19  Hydra_vulgaris_XP_012562617.1_PREDICTED_opsin3like                        84.34%    passed      8.01%
  20  Hydra_vulgaris_F1LIP2_xenopsin                                            83.62%    passed     24.85%
  21  Nematostella_vectensis_A9UMX1_xenopsin                                    84.49%    failed      0.24%
  22  Nematostella_vectensis_A9UMX0_xenopsin                                    84.44%    passed     22.58%
  23  Nematostella_vectensis_A9UMX2_xenopsin                                    81.97%    failed      2.17%
  24  Orbicella_faveolata_XP_020607308.1_melanopsinlike                         82.28%    failed      0.08%
  25  Orbicella_faveolata_XP_020608729.1_melanopsinlike                         81.09%    passed     25.41%
  26  Orbicella_faveolata_XP_020610777.1_melanopsinlike                         83.36%    failed      4.95%
  27  Orbicella_faveolata_XP_020610779.1_melanopsinBlike                        83.46%    passed      6.74%
  28  Orbicella_faveolata_XP_020610780.1_melanopsinlike                         83.46%    passed     10.12%
  29  Orbicella_faveolata_XP_020611806.1_melanopsinlike                         83.26%    passed     81.66%
  30  Orbicella_faveolata_XP_020617662.1_melanopsinAlike                        83.51%    passed     41.55%
  31  Orbicella_faveolata_XP_020629279.1_melanopsinAlike                        82.53%    passed     19.97%
  32  Orbicella_faveolata_XP_020629280.1_LOW_QUALITY_PROTEIN_pinopsinlike       82.69%    failed      0.36%
  33  Orbicella_faveolata_XP_020632135.1_parapinopsinlike                       82.43%    passed      9.23%
  34  Acropora_digitifera_XP_015752574.1_PREDICTED_melanopsinAlike              82.33%    passed     13.78%
  35  Acropora_digitifera_XP_015753551.1_PREDICTED_melanopsinlike               83.00%    passed     53.85%
  36  Acropora_digitifera_XP_015753552.1_PREDICTED_melanopsinlike               82.95%    passed     33.70%
  37  Acropora_digitifera_XP_015764657.1_PREDICTED_melanopsinlike               82.07%    failed      3.32%
  38  Acropora_digitifera_XP_015775460.1_PREDICTED_melanopsinlike               80.73%    passed     59.60%
  39  Hydra_vulgaris_XP_002160448.1_PREDICTED_pinopsinlike                      83.87%    failed      4.46%
  40  Hydra_vulgaris_XP_002163209.2_PREDICTED_longwavesensitive_opsin_1like     85.88%    passed     27.85%
  41  Hydra_vulgaris_XP_002163327.1_PREDICTED_melanopsinAlike                   84.03%    passed     13.09%
  42  Hydra_vulgaris_XP_002163358.2_PREDICTED_mediumwavesensitive_opsin_1like   83.26%    passed     31.73%
  43  Hydra_vulgaris_XP_004205844.1_PREDICTED_opsin3like                        83.77%    failed      0.44%
  44  Hydra_vulgaris_XP_004208213.1_PREDICTED_rhodopsin_G0coupledlike           83.98%    failed      0.15%
  45  Hydra_vulgaris_XP_004209180.1_PREDICTED_pinopsinlike                      83.62%    failed      3.10%
  46  Hydra_vulgaris_XP_012555848.1_PREDICTED_opsin3like                        83.98%    failed      0.84%
  47  Hydra_vulgaris_XP_012556650.1_PREDICTED_opsin3like                        83.57%    failed      1.77%
  48  Hydra_vulgaris_XP_012556969.1_PREDICTED_rhodopsinlike                     85.32%    failed      2.06%
  49  Hydra_vulgaris_XP_012557437.1_PREDICTED_opsin3likepartial                 85.16%    failed      1.05%
  50  Hydra_vulgaris_XP_012557991.1_PREDICTED_opsin3like                        84.34%    failed      1.38%
  51  Hydra_vulgaris_XP_012559098.1_PREDICTED_pinopsinlikepartial               73.26%    failed      0.04%
  52  Hydra_vulgaris_XP_012559708.1_PREDICTED_rhodopsin_G0coupledlike           83.41%    failed      2.85%
  53  Hydra_vulgaris_XP_012560188.1_PREDICTED_rhodopsin_G0coupledlike           83.67%    passed     21.18%
  54  Hydra_vulgaris_XP_012560869.1_PREDICTED_opsin3like                        84.80%    failed      0.75%
  55  Hydra_vulgaris_XP_012561008.1_PREDICTED_rhodopsin_G0coupledlike           83.20%    failed      1.47%
  56  Hydra_vulgaris_XP_012561250.1_PREDICTED_opsin3like                        83.62%    failed      2.26%
  57  Hydra_vulgaris_XP_012561431.1_PREDICTED_opsin3like                        83.72%    failed      1.63%
  58  Hydra_vulgaris_XP_012561474.1_PREDICTED_opsin3like                        85.42%    failed      4.85%
  59  Hydra_vulgaris_XP_012561673.1_PREDICTED_parapinopsinlike                  84.18%    failed      0.39%
  60  Hydra_vulgaris_XP_012561930.1_PREDICTED_opsin3like                        85.47%    passed      6.70%
  61  Hydra_vulgaris_XP_012562542.1_PREDICTED_opsin3like                        85.11%    failed      3.20%
  62  Hydra_vulgaris_XP_012562923.1_PREDICTED_opsin3like                        84.13%    failed      0.68%
  63  Hydra_vulgaris_XP_012563654.1_PREDICTED_rhodopsin_G0coupledlike           84.18%    failed      0.08%
  64  Hydra_vulgaris_XP_012563781.1_PREDICTED_rhodopsin_G0coupledlike           84.18%    failed      0.04%
  65  Hydra_vulgaris_XP_012563909.1_PREDICTED_parapinopsinlike                  84.18%    failed      0.08%
  66  Hydra_vulgaris_XP_012564259.1_PREDICTED_opsin3like                        83.57%    failed      0.01%
  67  Hydra_vulgaris_XP_012564631.1_PREDICTED_opsin3like                        83.41%    passed     20.44%
  68  Acropora_palmata_L0ATA4_xenopsin                                          82.33%    passed     13.98%
  69  Acropora_palmata_L0AUA8_xenopsin                                          81.87%    passed     19.52%
  70  Aiptasia_pallida_1434                                                     83.57%    passed      6.74%
  71  Aiptasia_pallida_1596                                                     80.73%    passed      8.03%
  72  Aiptasia_pallida_1855                                                     83.31%    passed     12.31%
  73  Aiptasia_pallida_1862                                                     90.06%    passed     74.36%
  74  Alatina_alata_256                                                         83.20%    passed     68.32%
  75  Alatina_alata_260                                                         83.00%    passed     11.36%
  76  Alatina_alata_5200                                                        90.98%    passed     56.49%
  77  Alatina_alata_5205                                                        81.56%    failed      2.96%
  78  Anthopleura_elegantissima_295                                             82.28%    passed     13.06%
  79  Anthopleura_elegantissima_325                                             82.64%    passed     21.26%
  80  Anthopleura_elegantissima_353                                             84.29%    passed     21.17%
  81  Anthopleura_elegantissima_565                                             83.93%    passed     29.83%
  82  Aurelia_aurita_664                                                        86.86%    passed     63.83%
  83  Aurelia_aurita_684                                                        81.50%    passed     10.76%
  84  Aurelia_aurita_689                                                        83.15%    passed     47.20%
  85  Aurelia_aurita_705                                                        83.98%    passed     42.77%
  86  Aurelia_aurita_707                                                        82.02%    passed     36.99%
  87  Aurelia_aurita_773                                                        86.09%    passed     66.50%
  88  Aurelia_aurita_776                                                        82.12%    failed      3.00%
  89  Aurelia_aurita_778                                                        82.38%    failed      2.19%
  90  Aurelia_aurita_804                                                        90.01%    passed     10.60%
  91  Biomphalaria_glabrata_XP_013088307_xenopsin                               69.60%    failed      0.00%
  92  Brachionus_sp_koreanus_A0A0A7DN75_xenopsin                                84.85%    failed      0.00%
  93  Brachionus_sp_koreanus_A0A0A7DNH5_xenopsin                                87.17%    passed     48.87%
  94  Brachionus_sp_koreanus_A0A0A7DNH9_xenopsin                                88.25%    passed      5.97%
  95  Bunodosoma_cavernata_2052                                                 90.06%    passed     78.09%
  96  Carybdea_rastonii_BAG80696                                                83.00%    passed      9.62%
  97  Cladonema_radiatum_A9CR18_CropB1                                          82.69%    passed     83.94%
  98  Cladonema_radiatum_A9CR24_CropB4                                          83.10%    passed     73.32%
  99  Cladonema_radiatum_A9CR26_CropM                                           84.44%    passed     52.90%
 100  Cladonema_radiatum_A9CR28_CropO                                           84.70%    passed      5.99%
 101  Cladonema_radiatum_A9CR30_CropC                                           84.18%    passed     73.74%
 102  Cladonema_radiatum_A9CR32_CropE                                           83.77%    passed     94.98%
 103  Cladonema_radiatum_A9CR34_CropD                                           84.13%    passed     42.09%
 104  Cladonema_radiatum_A9CR36_CropH                                           84.13%    passed     72.44%
 105  Cladonema_radiatum_A9CR37_CropI                                           84.13%    passed     71.03%
 106  Cladonema_radiatum_A9CR38_CropL                                           83.51%    passed     65.22%
 107  Cladonema_radiatum_A9CR39_CropF                                           83.87%    passed     91.67%
 108  Cladonema_radiatum_A9CR40_CropG1                                          84.44%    passed     85.08%
 109  Cladonema_radiatum_A9CR42_CropG2                                          84.44%    passed     87.54%
 110  Cladonema_radiatum_A9CR43_CropN1                                          84.54%    passed     54.74%
 111  Cladonema_radiatum_A9CR48_CropK1                                          84.23%    passed     50.28%
 112  Cladonema_radiatum_A9CR51_CropK2                                          84.23%    passed     40.12%
 113  Cladonema_radiatum_A9CR54_CropJ                                           84.39%    passed     24.52%
 114  Crassostrea_gigas_K1P6Y0_xenopsin                                         78.16%    passed     36.80%
 115  Crassostrea_gigas_K1PW76_xenopsin                                         81.81%    passed     92.91%
 116  Crassostrea_gigas_K1QCZ3_xenopsin                                         80.11%    passed     15.99%
 117  Crassostrea_gigas_K1QG76_xenopsin                                         82.84%    passed     65.83%
 118  Crassostrea_gigas_XP_011412507_xenopsin                                   79.60%    passed     37.90%
 119  Crassostrea_gigas_XP_011421213_xenopsin                                   80.73%    passed     75.24%
 120  Craterolophus_convolvulus_5261                                            91.50%    passed     54.60%
 121  Favia_lizardensis_875                                                     82.48%    passed      7.61%
 122  Haliclystus_auricula_4910                                                 82.74%    passed     47.67%
 123  Haliclystus_auricula_4917                                                 91.65%    passed     98.78%
 124  Hydra_magnipapillata_1090                                                 83.82%    failed      1.22%
 125  Hydra_magnipapillata_1094                                                 84.80%    failed      1.33%
 126  Hydra_magnipapillata_1100                                                 89.23%    passed     28.79%
 127  Hydra_magnipapillata_1101                                                 89.85%    failed      4.78%
 128  Hydra_magnipapillata_1106                                                 88.92%    passed     55.41%
 129  Hydra_magnipapillata_1113                                                 89.08%    passed     42.54%
 130  Hydra_magnipapillata_1115                                                 81.61%    failed      3.54%
 131  Hydra_magnipapillata_1116                                                 84.70%    passed      8.68%
 132  Hydra_magnipapillata_1129                                                 83.20%    failed      1.11%
 133  Hydra_magnipapillata_1135                                                 88.05%    passed      9.98%
 134  Hydra_magnipapillata_1137                                                 89.90%    failed      1.05%
 135  Hydra_oligactis_1085                                                      88.77%    passed     48.59%
 136  Hydra_oligactis_1088                                                      88.05%    passed     17.01%
 137  Hydra_oligactis_1089                                                      87.12%    passed     25.43%
 138  Hydra_vulgaris_1164                                                       81.40%    failed      0.21%
 139  Hydra_vulgaris_1183                                                       83.57%    failed      0.74%
 140  Hydra_vulgaris_1185                                                       82.90%    failed      2.55%
 141  Hydra_vulgaris_1188                                                       84.34%    failed      1.77%
 142  Hydra_vulgaris_1189                                                       87.94%    passed      7.83%
 143  Hydra_vulgaris_1190                                                       81.61%    failed      4.23%
 144  Hydra_vulgaris_1191                                                       89.54%    passed     22.93%
 145  Hydra_vulgaris_1193                                                       88.56%    failed      3.47%
 146  Hydra_vulgaris_1194                                                       83.20%    failed      1.24%
 147  Hydra_vulgaris_1200                                                       85.99%    passed     21.05%
 148  Hydra_vulgaris_1202                                                       83.62%    passed     27.32%
 149  Hydra_vulgaris_1206                                                       89.70%    passed     22.59%
 150  Hydra_vulgaris_1218                                                       85.52%    passed     32.39%
 151  Hydra_vulgaris_1222                                                       87.17%    failed      2.16%
 152  Hydra_vulgaris_1231                                                       65.07%    failed      0.00%
 153  Hydra_vulgaris_1243                                                       83.15%    passed     14.63%
 154  Hydra_vulgaris_F1LIN8_xenopsin                                            84.08%    passed     10.85%
 155  Hydra_vulgaris_F1LIN9_xenopsin                                            83.15%    passed     16.40%
 156  Hydra_vulgaris_F1LIP0_xenopsin                                            84.34%    failed      4.72%
 157  Hydra_vulgaris_F1LIP1_xenopsin                                            84.18%    failed      0.04%
 158  Hydra_vulgaris_F1LIP3_xenopsin                                            84.13%    failed      0.08%
 159  Hydra_vulgaris_F1LIP4_xenopsin                                            83.57%    failed      0.67%
 160  Hydra_vulgaris_F1LIP5_xenopsin                                            84.13%    failed      2.84%
 161  Hydractinia_symbiolongicarpus_1011                                        83.98%    passed     13.56%
 162  Hydractinia_symbiolongicarpus_1017                                        82.79%    passed     15.98%
 163  Idiosepius_paradoxus_A0A0H5ATB0_xenopsin                                  77.02%    passed     22.18%
 164  Lingula_anatina_XP_013382905_xenopsin                                     81.66%    failed      0.01%
 165  Lingula_anatina_XP_013397676_xenopsin                                     81.30%    passed     38.53%
 166  Lingula_anatina_XP_013400870_xenopsin                                     85.47%    passed     70.22%
 167  Lottia_gigantea_V3ZWI5_xenopsin                                           85.78%    passed     16.31%
 168  Lucernaria_quadricornis_4943                                              88.72%    passed     10.70%
 169  Lucernaria_quadricornis_4944                                              88.10%    passed      8.47%
 170  Lucernaria_quadricornis_4948                                              87.07%    passed     92.10%
 171  Lucernaria_quadricornis_4949                                              86.76%    passed     94.09%
 172  Lucernaria_quadricornis_4955                                              85.83%    passed     61.26%
 173  Lucernaria_quadricornis_4959                                              89.23%    passed     94.99%
 174  Lymnaea_stagnalis_FX185950_xenopsin                                       68.26%    failed      0.00%
 175  Lymnaea_stagnalis_FX190223_xenopsin                                       81.50%    failed      1.42%
 176  Millepora_alcicornis_2441                                                 84.08%    passed     22.84%
 177  Millepora_alcicornis_2446                                                 81.35%    passed     14.04%
 178  Millepora_alcicornis_2454                                                 83.41%    passed     19.97%
 179  Nanomia_bijuga_5645                                                       83.57%    passed     34.62%
 180  Nanomia_bijuga_5646                                                       88.25%    passed     43.82%
 181  Nanomia_bijuga_5648                                                       91.14%    passed     13.38%
 182  Nematostella_vectensis_2484                                               87.07%    failed      1.44%
 183  Nematostella_vectensis_2485                                               89.90%    passed      7.50%
 184  Nematostella_vectensis_2488                                               88.15%    passed     18.25%
 185  Nematostella_vectensis_2560                                               85.06%    passed     20.62%
 186  Nematostella_vectensis_2561                                               85.06%    passed     18.22%
 187  Nematostella_vectensis_3116                                               83.00%    passed     22.56%
 188  Nematostella_vectensis_3117                                               82.74%    passed     14.51%
 189  Nematostella_vectensis_3118                                               82.74%    passed      7.45%
 190  Nematostella_vectensis_3119                                               83.00%    passed     13.06%
 191  Nematostella_vectensis_3260                                               84.44%    failed      0.26%
 192  Nematostella_vectensis_3289                                               83.87%    passed     23.94%
 193  Nematostella_vectensis_3291                                               81.45%    passed     35.29%
 194  Nematostella_vectensis_3292                                               82.95%    passed      8.00%
 195  Nematostella_vectensis_3293                                               81.97%    passed     27.68%
 196  Nematostella_vectensis_3417                                               79.44%    failed      0.42%
 197  Nematostella_vectensis_3463                                               87.43%    passed     16.78%
 198  Nematostella_vectensis_A9UMW6_xenopsin                                    81.97%    failed      1.94%
 199  Nematostella_vectensis_A9UMW7_xenopsin                                    82.74%    passed     10.80%
 200  Nematostella_vectensis_A9UMX3_xenopsin                                    82.23%    failed      0.30%
 201  Nematostella_vectensis_A9UMX5_xenopsin                                    80.73%    passed      9.45%
 202  Nematostella_vectensis_A9UMX6_xenopsin                                    82.23%    failed      2.43%
 203  Nematostella_vectensis_A9UMX7_xenopsin                                    84.44%    failed      0.26%
 204  Pocillopora_damicornis_3554                                               82.90%    passed      9.97%
 205  Pocillopora_damicornis_3623                                               89.08%    passed     25.41%
 206  Pocillopora_damicornis_3690                                               82.43%    failed      1.23%
 207  Pocillopora_damicornis_3753                                               83.36%    passed     66.51%
 208  Podocoryna_carnea_3788                                                    82.53%    passed     14.49%
 209  Podocoryna_carnea_3794                                                    82.53%    passed      9.15%
 210  Podocoryna_carnea_3810                                                    80.89%    passed     18.96%
 211  Podocoryna_carnea_3811                                                    91.29%    passed     16.05%
 212  Podocoryna_carnea_5674                                                    82.53%    passed     16.08%
 213  Podocoryna_carnea_5686                                                    82.53%    passed      8.68%
 214  Podocoryna_carnea_5692                                                    82.53%    passed     10.91%
 215  Podocoryna_carnea_5702                                                    80.83%    passed     19.77%
 216  Podocoryna_carnea_A9CR57_xenopsin                                         82.69%    passed     20.84%
 217  Podocoryna_carnea_A9CR60_xenopsin                                         81.45%    passed     30.17%
 218  Porites_astreoides_3875                                                   81.76%    passed      7.24%
 219  Porites_astreoides_3952                                                   81.45%    passed     22.01%
 220  Porites_astreoides_4131                                                   83.87%    failed      3.23%
 221  Porites_astreoides_4183                                                   82.23%    failed      0.53%
 222  Porites_astreoides_4236                                                   83.26%    passed     18.30%
 223  Porites_astreoides_4399                                                   83.93%    passed      6.07%
 224  Porites_astreoides_4429                                                   82.79%    passed     62.71%
 225  Porites_astreoides_4430                                                   83.57%    passed     76.53%
 226  Porites_astreoides_4431                                                   83.62%    passed     68.14%
 227  Protopalythoa_variabilis_4495                                             91.14%    passed     54.13%
 228  Renilla_koellikeri_5081                                                   81.61%    passed     13.88%
 229  Renilla_koellikeri_5101                                                   84.96%    passed      9.65%
 230  Renilla_koellikeri_5175                                                   87.74%    failed      1.09%
 231  Rhizotrochus_sp_5841                                                      89.23%    passed     31.43%
 232  Rhopilema_esculentum_4586                                                 82.79%    passed     82.78%
 233  Rhopilema_esculentum_4587                                                 82.79%    passed     79.59%
 234  Rhopilema_esculentum_4616                                                 89.13%    passed     89.07%
 235  Rhopilema_esculentum_4679                                                 89.18%    passed     65.14%
 236  Stomphia_coccinea_2336                                                    86.40%    failed      1.19%
 237  Stylophora_pistillata_4700                                                82.28%    passed     21.36%
 238  Stylophora_pistillata_4735                                                82.53%    passed     29.70%
 239  Terebratalia_transversa_F1D8E5_xenopsin                                   78.26%    failed      0.18%
 240  Triactis_producta_2428                                                    89.80%    failed      1.68%
 241  Tripedalia_cystophora_A0A059NTC5_xenopsin                                 83.57%    passed     74.51%
 242  Tripedalia_cystophora_A0A059NTC6_xenopsin                                 83.51%    passed     43.41%
 243  Tripedalia_cystophora_A0A059NTC7_xenopsin                                 83.98%    passed     86.98%
 244  Tripedalia_cystophora_A0A059NTC8_xenopsin                                 83.72%    passed     11.91%
 245  Tripedalia_cystophora_A0A059NTD1_xenopsin                                 78.77%    passed     38.20%
 246  Tripedalia_cystophora_A0A059NTD2_xenopsin                                 83.72%    passed     45.46%
 247  Tripedalia_cystophora_A0A059NTD3_xenopsin                                 83.57%    passed     41.21%
 248  Tripedalia_cystophora_A0A059NTD4_xenopsin                                 82.02%    passed     41.84%
 249  Tripedalia_cystophora_A0A059NTD5_xenopsin                                 82.84%    passed     29.53%
 250  Tripedalia_cystophora_A0A059NTD6_xenopsin                                 81.04%    passed     55.14%
 251  Tripedalia_cystophora_A0A059NTD7_xenopsin                                 83.15%    passed     81.72%
 252  Tripedalia_cystophora_A0A059NTG1_xenopsin                                 83.57%    passed     26.82%
 253  Tripedalia_cystophora_A0A059NTG2_xenopsin                                 83.10%    passed     57.98%
 254  Tripedalia_cystophora_A0A059NTG3_xenopsin                                 83.05%    failed      4.49%
 255  Tripedalia_cystophora_A0A059NTG7_xenopsin                                 83.00%    passed      7.32%
 256  Tripedalia_cystophora_A0A059NTG8_xenopsin                                 85.27%    passed     43.53%
 257  Tripedalia_cystophora_A0A059NTG9_xenopsin                                 82.90%    passed     86.58%
 258  Tripedalia_cystophora_EU310498_xenopsin                                   83.05%    passed     14.57%
 259  Tripedalia_cystophora_AGB67500.1_Kozmik-Opn5__Antibody-Opsin1             83.15%    passed     81.72%
 260  Tripedalia_cystophora_QBL02615.1_Opsin-likeGPCR__Antibody-Opsin2          85.99%    passed     67.08%
 261  Tripedalia_cystophora_AGB67503.1                                          82.02%    passed     41.84%
 262  Tripedalia_cystophora_AGB67502.1                                          82.90%    passed     86.58%
 263  Tripedalia_cystophora_AGB67495.1                                          81.04%    passed     55.14%
 264  Tripedalia_cystophora_QBS47879.1_NielsenLEO                               83.00%    passed      7.32%
 265  Tripedalia_cystophora_AHZ63731.1_BieleckiLEO                              83.05%    passed      7.60%
 266  Tripedalia_cystophora_AGB67504.1                                          83.72%    passed     11.91%
 267  Tripedalia_cystophora_AGB67501.1                                          83.05%    failed      4.49%
 268  Tripedalia_cystophora_AGB67499.1                                          83.98%    passed     86.98%
 269  Tripedalia_cystophora_AGB67498.1                                          83.57%    passed     41.21%
 270  Tripedalia_cystophora_AGB67497.1                                          85.27%    passed     43.53%
 271  Tripedalia_cystophora_AGB67496.1_KozmikTcop9__Antibody-Opsin3             83.10%    passed     57.98%
 272  Tripedalia_cystophora_AGB67494.1                                          83.51%    passed     43.41%
 273  Tripedalia_cystophora_AGB67493.1                                          83.72%    passed     45.46%
 274  Tripedalia_cystophora_AGB67492.1                                          83.00%    passed      7.32%
 275  Tripedalia_cystophora_AGB67491.1                                          83.57%    passed     26.82%
 276  Tripedalia_cystophora_AGB67490.1                                          82.84%    passed     29.53%
 277  Tripedalia_cystophora_AGB67489.1_Picciani-A0A059NTC5_Kozmik-op16          83.57%    passed     74.51%
 278  Tripedalia_cystophora_AGB67488.1                                          78.77%    passed     38.20%
 279  Tripedalia_cystophora_QBL02613_Antibody-Opsin3                            84.85%    passed     47.25%
 280  Tripedalia_cystophora_QBS47880.1                                          83.05%    passed     14.57%
 281  Tripedalia_cystophora_QBL02614.1                                          83.15%    passed     81.72%
 282  Clytia_haemaspherica_CheOpsin9                                            86.04%    passed     28.00%
 283  Clytia_haemaspherica_CheOpsin10                                           86.04%    failed      1.02%
 284  Clytia_haemaspherica_CheOpsin1                                            85.27%    passed     24.12%
 285  Clytia_haemaspherica_CheOpsin2                                            85.16%    passed     14.94%
 286  Clytia_haemaspherica_CheOpsin3                                            85.21%    passed     36.18%
 287  Clytia_haemaspherica_CheOpsin4                                            85.63%    passed      5.39%
 288  Clytia_haemaspherica_CheOpsin5                                            85.37%    passed     49.71%
 289  Clytia_haemaspherica_CheOpsin6                                            84.90%    passed     77.35%
 290  Clytia_haemaspherica_CheOpsin7                                            85.27%    passed     19.00%
 291  Clytia_haemaspherica_CheOpsin8                                            85.42%    passed     25.45%
WARNING: 291 sequences contain more than 50% gaps/ambiguity
****  TOTAL                                                                     83.72%  77 sequences failed composition chi2 test (p-value<5%; df=19)
NOTE: Tripedalia_cystophora_AGB67489.1_Picciani-A0A059NTC5_Kozmik-op16 is identical to Tripedalia_cystophora_A0A059NTC5_xenopsin but kept for subsequent analysis
NOTE: Tripedalia_cystophora_AGB67494.1 is identical to Tripedalia_cystophora_A0A059NTC6_xenopsin but kept for subsequent analysis
NOTE: Tripedalia_cystophora_AGB67499.1 is identical to Tripedalia_cystophora_A0A059NTC7_xenopsin but kept for subsequent analysis
NOTE: Tripedalia_cystophora_AGB67504.1 is identical to Tripedalia_cystophora_A0A059NTC8_xenopsin but kept for subsequent analysis
NOTE: Tripedalia_cystophora_AGB67488.1 is identical to Tripedalia_cystophora_A0A059NTD1_xenopsin but kept for subsequent analysis
NOTE: Tripedalia_cystophora_AGB67493.1 is identical to Tripedalia_cystophora_A0A059NTD2_xenopsin but kept for subsequent analysis
NOTE: Tripedalia_cystophora_AGB67498.1 is identical to Tripedalia_cystophora_A0A059NTD3_xenopsin but kept for subsequent analysis
NOTE: Tripedalia_cystophora_AGB67503.1 is identical to Tripedalia_cystophora_A0A059NTD4_xenopsin but kept for subsequent analysis
NOTE: Tripedalia_cystophora_AGB67490.1 is identical to Tripedalia_cystophora_A0A059NTD5_xenopsin but kept for subsequent analysis
NOTE: Tripedalia_cystophora_AGB67495.1 is identical to Tripedalia_cystophora_A0A059NTD6_xenopsin but kept for subsequent analysis
NOTE: Tripedalia_cystophora_AGB67500.1_Kozmik-Opn5__Antibody-Opsin1 is identical to Tripedalia_cystophora_A0A059NTD7_xenopsin but kept for subsequent analysis
NOTE: Tripedalia_cystophora_AGB67491.1 is identical to Tripedalia_cystophora_A0A059NTG1_xenopsin but kept for subsequent analysis
NOTE: Tripedalia_cystophora_AGB67496.1_KozmikTcop9__Antibody-Opsin3 is identical to Tripedalia_cystophora_A0A059NTG2_xenopsin but kept for subsequent analysis
NOTE: Tripedalia_cystophora_AGB67501.1 is identical to Tripedalia_cystophora_A0A059NTG3_xenopsin but kept for subsequent analysis
NOTE: Tripedalia_cystophora_QBS47879.1_NielsenLEO is identical to Tripedalia_cystophora_A0A059NTG7_xenopsin but kept for subsequent analysis
NOTE: Tripedalia_cystophora_AGB67497.1 is identical to Tripedalia_cystophora_A0A059NTG8_xenopsin but kept for subsequent analysis
NOTE: Tripedalia_cystophora_AGB67502.1 is identical to Tripedalia_cystophora_A0A059NTG9_xenopsin but kept for subsequent analysis
NOTE: Tripedalia_cystophora_QBS47880.1 is identical to Tripedalia_cystophora_EU310498_xenopsin but kept for subsequent analysis
NOTE: 2 identical sequences (see below) will be ignored for subsequent analysis
NOTE: Tripedalia_cystophora_QBL02614.1 (identical to Tripedalia_cystophora_A0A059NTD7_xenopsin) is ignored but added at the end
NOTE: Tripedalia_cystophora_AGB67492.1 (identical to Tripedalia_cystophora_A0A059NTG7_xenopsin) is ignored but added at the end
Alignment was printed to Results/all_cnidops_ALN.fas.uniqueseq.phy

For your convenience alignment with unique sequences printed to Results/all_cnidops_ALN.fas.uniqueseq.phy

Create initial parsimony tree by phylogenetic likelihood library (PLL)... 0.199 seconds

NOTE: 444 MB RAM (0 GB) is required!
Measuring multi-threading efficiency up to 4 CPU cores
3 trees examined
Threads: 1 / Time: 4.505 sec / Speedup: 1.000 / Efficiency: 100% / LogL: -204939
Threads: 2 / Time: 2.383 sec / Speedup: 1.891 / Efficiency: 95% / LogL: -204939
Threads: 3 / Time: 1.591 sec / Speedup: 2.832 / Efficiency: 94% / LogL: -204939
Threads: 4 / Time: 1.402 sec / Speedup: 3.213 / Efficiency: 80% / LogL: -204939
BEST NUMBER OF THREADS: 4

Estimate model parameters (epsilon = 0.100)
1. Initial log-likelihood: -137746.722
2. Current log-likelihood: -121577.911
3. Current log-likelihood: -121417.353
4. Current log-likelihood: -121414.636
5. Current log-likelihood: -121413.288
6. Current log-likelihood: -121412.118
7. Current log-likelihood: -121410.717
8. Current log-likelihood: -121409.220
9. Current log-likelihood: -121407.507
10. Current log-likelihood: -121405.966
11. Current log-likelihood: -121404.634
12. Current log-likelihood: -121403.495
13. Current log-likelihood: -121402.554
14. Current log-likelihood: -121401.711
15. Current log-likelihood: -121400.915
16. Current log-likelihood: -121400.196
17. Current log-likelihood: -121399.637
18. Current log-likelihood: -121399.240
19. Current log-likelihood: -121398.951
20. Current log-likelihood: -121398.729
21. Current log-likelihood: -121398.547
22. Current log-likelihood: -121398.384
23. Current log-likelihood: -121398.244
24. Current log-likelihood: -121398.127
Optimal log-likelihood: -121398.027
Site proportion and rates:  (0.016,0.036) (0.041,0.160) (0.065,0.304) (0.119,0.468) (0.203,0.694) (0.174,0.990) (0.319,1.396) (0.062,2.542)
Parameters optimization took 24 rounds (142.155 sec)
Computing ML distances based on estimated model parameters... 17.379 sec
Computing BIONJ tree...
0.049 seconds
Log-likelihood of BIONJ tree: -121289.640
--------------------------------------------------------------------
|             INITIALIZING CANDIDATE TREE SET                      |
--------------------------------------------------------------------
Generating 98 parsimony trees... 19.109 second
Computing log-likelihood of 98 initial trees ... 44.784 seconds
Current best score: -121289.640

Do NNI search on 20 best initial trees
Estimate model parameters (epsilon = 0.100)
BETTER TREE FOUND at iteration 1: -121009.970
Estimate model parameters (epsilon = 0.100)
BETTER TREE FOUND at iteration 5: -121009.336
Iteration 10 / LogL: -121080.703 / Time: 0h:6m:51s
Estimate model parameters (epsilon = 0.100)
BETTER TREE FOUND at iteration 18: -121002.194
Iteration 20 / LogL: -121016.618 / Time: 0h:9m:45s
Finish initializing candidate tree set (20)
Current best tree score: -121002.194 / CPU time: 419.313
Number of iterations: 20
--------------------------------------------------------------------
|               OPTIMIZING CANDIDATE TREE SET                      |
--------------------------------------------------------------------
Estimate model parameters (epsilon = 0.100)
BETTER TREE FOUND at iteration 22: -120989.480
Estimate model parameters (epsilon = 0.100)
BETTER TREE FOUND at iteration 26: -120984.898
Estimate model parameters (epsilon = 0.100)
BETTER TREE FOUND at iteration 29: -120984.399
Iteration 30 / LogL: -120989.892 / Time: 0h:12m:27s (0h:42m:29s left)
Estimate model parameters (epsilon = 0.100)
BETTER TREE FOUND at iteration 36: -120984.003
Iteration 40 / LogL: -120989.643 / Time: 0h:14m:45s (0h:36m:20s left)
Estimate model parameters (epsilon = 0.100)
BETTER TREE FOUND at iteration 45: -120979.939
Iteration 50 / LogL: -120983.740 / Time: 0h:17m:3s (0h:33m:3s left)
Estimate model parameters (epsilon = 0.100)
BETTER TREE FOUND at iteration 51: -120979.278
Estimate model parameters (epsilon = 0.100)
BETTER TREE FOUND at iteration 56: -120979.187
Iteration 60 / LogL: -120980.256 / Time: 0h:19m:35s (0h:31m:53s left)
Estimate model parameters (epsilon = 0.100)
BETTER TREE FOUND at iteration 62: -120974.815
Iteration 70 / LogL: -120984.417 / Time: 0h:22m:36s (0h:30m:8s left)
Estimate model parameters (epsilon = 0.100)
BETTER TREE FOUND at iteration 79: -120971.972
Iteration 80 / LogL: -120999.015 / Time: 0h:25m:6s (0h:31m:27s left)
Estimate model parameters (epsilon = 0.100)
BETTER TREE FOUND at iteration 88: -120970.944
Iteration 90 / LogL: -120978.421 / Time: 0h:27m:29s (0h:30m:16s left)
Iteration 100 / LogL: -121063.976 / Time: 0h:29m:42s (0h:26m:24s left)
Estimate model parameters (epsilon = 0.100)
BETTER TREE FOUND at iteration 108: -120970.456
Iteration 110 / LogL: -120977.195 / Time: 0h:32m:6s (0h:28m:51s left)
Iteration 120 / LogL: -120979.736 / Time: 0h:34m:20s (0h:25m:23s left)
Estimate model parameters (epsilon = 0.100)
BETTER TREE FOUND at iteration 124: -120970.242
Estimate model parameters (epsilon = 0.100)
BETTER TREE FOUND at iteration 128: -120969.706
Estimate model parameters (epsilon = 0.100)
BETTER TREE FOUND at iteration 129: -120968.668
Iteration 130 / LogL: -120969.729 / Time: 0h:36m:53s (0h:28m:18s left)
Iteration 140 / LogL: -120971.882 / Time: 0h:39m:6s (0h:25m:2s left)
Iteration 150 / LogL: -120976.648 / Time: 0h:41m:10s (0h:21m:49s left)
Iteration 160 / LogL: -120978.720 / Time: 0h:43m:21s (0h:18m:49s left)
Iteration 170 / LogL: -120978.956 / Time: 0h:45m:26s (0h:15m:51s left)
Iteration 180 / LogL: -120970.514 / Time: 0h:47m:31s (0h:13m:0s left)
Iteration 190 / LogL: -120985.371 / Time: 0h:49m:32s (0h:10m:13s left)
Iteration 200 / LogL: -120971.905 / Time: 0h:51m:35s (0h:7m:31s left)
Iteration 210 / LogL: -120974.248 / Time: 0h:53m:41s (0h:4m:52s left)
Iteration 220 / LogL: -120972.401 / Time: 0h:55m:43s (0h:2m:17s left)
Iteration 230 / LogL: -120981.127 / Time: 0h:57m:50s (0h:0m:-16s left)
TREE SEARCH COMPLETED AFTER 230 ITERATIONS / Time: 0h:57m:50s

--------------------------------------------------------------------
|                    FINALIZING TREE SEARCH                        |
--------------------------------------------------------------------
Performs final model parameters optimization
Estimate model parameters (epsilon = 0.010)
1. Initial log-likelihood: -120968.668
Optimal log-likelihood: -120968.667
Site proportion and rates:  (0.016,0.036) (0.040,0.163) (0.072,0.315) (0.122,0.482) (0.217,0.717) (0.169,1.044) (0.297,1.405) (0.067,2.439)
Parameters optimization took 1 rounds (1.955 sec)
BEST SCORE FOUND : -120968.667
Total tree length: 198.246

Total number of iterations: 230
CPU time used for tree search: 10679.866 sec (2h:57m:59s)
Wall-clock time used for tree search: 3303.853 sec (0h:55m:3s)
Total CPU time used: 11213.133 sec (3h:6m:53s)
Total wall-clock time used: 3472.516 sec (0h:57m:52s)

Analysis results written to: 
  IQ-TREE report:                Results/all_cnidops_ALN.fas.iqtree
  Maximum-likelihood tree:       Results/all_cnidops_ALN.fas.treefile
  Likelihood distances:          Results/all_cnidops_ALN.fas.mldist
  Screen log file:               Results/all_cnidops_ALN.fas.log

Date and Time: Mon Mar  7 17:37:48 2022
